Running: /opt/Xilinx/14.2/ISE_DS/ISE/bin/lin64/unwrapped/fuse -intstyle ise -incremental -lib secureip -o /home/xivid/Project/Interrupt/Interrupt_isim_beh.exe -prj /home/xivid/Project/Interrupt/Interrupt_beh.prj work.Interrupt 
ISim P.28xd (signature 0x54af6ca1)
Number of CPUs detected in this system: 2
Turning on mult-threading, number of parallel sub-compilation jobs: 4 
Determining compilation order of HDL files
Parsing VHDL file "/home/xivid/Project/Interrupt/Interrupt.vhd" into library work
Starting static elaboration
Completed static elaboration
Fuse Memory Usage: 96304 KB
Fuse CPU Usage: 920 ms
Compiling package standard
Compiling package std_logic_1164
Compiling package std_logic_arith
Compiling package std_logic_unsigned
Compiling architecture behavioral of entity interrupt
Time Resolution for simulation is 1ps.
Waiting for 1 sub-compilation(s) to finish...
Compiled 5 VHDL Units
Built simulation executable /home/xivid/Project/Interrupt/Interrupt_isim_beh.exe
Fuse Memory Usage: 406936 KB
Fuse CPU Usage: 980 ms
GCC CPU Usage: 1380 ms
